<?xml version="1.0" encoding="UTF-8"?>
<testsuite name="hello.ApplicationTests" time="1.135" tests="7" errors="0" skipped="0" failures="0">
  <properties>
[...]
</properties>
  <testcase name="shouldQueryEntity" classname="hello.ApplicationTests" time="0.845"/>
  <testcase name="shouldCreateEntity" classname="hello.ApplicationTests" time="0.05"/>
  <testcase name="shouldUpdateEntity" classname="hello.ApplicationTests" time="0.11"/>
  <testcase name="shouldRetrieveEntity" classname="hello.ApplicationTests" time="0.03"/>
  <testcase name="shouldDeleteEntity" classname="hello.ApplicationTests" time="0.05"/>
  <testcase name="shouldReturnRepositoryIndex" classname="hello.ApplicationTests" time="0.02"/>
  <testcase name="shouldPartiallyUpdateEntity" classname="hello.ApplicationTests" time="0.03"/>
</testsuite>